
ROM used: 1969 (24%)
          1969 (24%) including unused fragments

          1 Average locations per line
          4 Average locations per statement

RAM used: 197 (54%) at main() level
          227 (62%) worst case

Stack used: 8 worst case (out of 8 total available)

Lines Stmts  %   Files
----- ----- ---  -----
  491   319  72  alarma.c
  330     0   0  ..\..\..\..\Program Files\PICC\Devices\16f877a.h
   37     0   0  ..\..\..\..\Program Files\PICC\Drivers\stdio.h
  409   121  28  ..\..\..\..\Program Files\PICC\Drivers\string.h
   32     0   0  ..\..\..\..\Program Files\PICC\Drivers\stddef.h
   28     0   0  ..\..\..\..\Program Files\PICC\Drivers\ctype.h
  409     0   0  ..\..\..\..\Program Files\PICC\Drivers\STRING.h
----- -----
 1736   440 Total

Page ROM  %  RAM   Vol Diff  Functions:
---- --- --- ---   --- ----  ----------
0     21   1   1             @delay_ms1
0    888  45   0  4579 10.4  MAIN
0      8   0   0             @goto10543
0      9   0   0             @goto10547
0     42   2   0   154  2.2  activarconteo
0     85   4   0   646  3.3  chequearbotones
0     37   2   0   132  2.2  pantalla_inicial
0     86   4   0   197  1.8  lcd_init
0     69   4   3   384  6.0  lcd_bytes
 Inline        0    86  1.3  lcd_toggle_enable
0     30   2   5   187  4.5  lcd_string
0    585  30   1  2918  7.1  TIMER0_isr
 Inline        2             @ITOF
 Inline       13             @MULFF
 Inline        4             @SFTOI
0     23   1   3             @DIV88
0     39   2   2             @MUL88
 Inline        0   502  3.8  chequeosensores
 Inline        0   280  3.7  sonando

Program metrics:
    Functions               11
    Statements              440
    Comments                408
    Volume (V)              13883
    Difficilty (D)          46.4
    Effort to implement (E) 643707
    Time to implement (T)   9 hours, 56 minutes
    Est Delivered Bugs (B)  2
    Cyclomatic Complexity   58
    Maintainability (MI)    72

 Segment     Used  Free
-----------  ----  ----
00000-00003     4  0  
00004-0002E    43  0  
0002F-007FF  1922  79  
00800-00FFF     0  2048  
01000-017FF     0  2048  
01800-01FFF     0  2048  



